<?xml version="1.0" encoding="UTF-8"?>
<!-- Generated by org.testng.reporters.JUnitReportReporter -->
<testsuite skipped="0" hostname="Nithya" name="com.qa.acti.testcases.TestLoginPage" tests="3" failures="0" timestamp="01 Sep 2020 20:55:15 GMT" time="58.823" errors="0">
  <testcase name="testVerifyPageTitle" time="13.230" classname="com.qa.acti.testcases.TestLoginPage"/>
  <testcase name="testActiLogoDisplayed" time="13.569" classname="com.qa.acti.testcases.TestLoginPage"/>
  <testcase name="testLoginToApplication" time="32.024" classname="com.qa.acti.testcases.TestLoginPage"/>
</testsuite> <!-- com.qa.acti.testcases.TestLoginPage -->
